<?xml version="1.0" encoding="UTF-8"?>
<!-- Generated by org.testng.reporters.JUnitXMLReporter -->
<testsuite ignored="0" hostname="User" failures="0" tests="3" name="Test" time="50.903" errors="0" timestamp="2021-04-17T16:06:47 IST">
  <testcase classname="Framework.HomePageTest" name="basePagenavigation" time="9.359"/>
  <testcase classname="Framework.HomePageTest" name="basePagenavigation" time="8.967"/>
  <testcase classname="Framework.VerifyTextTest" name="verifyText" time="0.105"/>
</testsuite> <!-- Test -->
